f:\projects\body_pvz\pvz-master\debug\hammer.obj
f:\projects\body_pvz\pvz-master\debug\puffshroom.obj
f:\projects\body_pvz\pvz-master\debug\apolozombie.obj
f:\projects\body_pvz\pvz-master\debug\cherry.obj
f:\projects\body_pvz\pvz-master\debug\pea.obj
f:\projects\body_pvz\pvz-master\debug\yetizombie.obj
f:\projects\body_pvz\pvz-master\debug\jalapeno.obj
f:\projects\body_pvz\pvz-master\debug\gamesettings.obj
f:\projects\body_pvz\pvz-master\debug\peashot.obj
f:\projects\body_pvz\pvz-master\debug\twinsunflower.obj
f:\projects\body_pvz\pvz-master\debug\custombutton.obj
f:\projects\body_pvz\pvz-master\debug\puzzlemode.obj
f:\projects\body_pvz\pvz-master\debug\mower.obj
f:\projects\body_pvz\pvz-master\debug\wallnut.obj
f:\projects\body_pvz\pvz-master\debug\mainwindow.obj
f:\projects\body_pvz\pvz-master\debug\screenzombie.obj
f:\projects\body_pvz\pvz-master\debug\sunflower.obj
f:\projects\body_pvz\pvz-master\debug\gatlingpea.obj
f:\projects\body_pvz\pvz-master\debug\plant.obj
f:\projects\body_pvz\pvz-master\debug\snowpea.obj
f:\projects\body_pvz\pvz-master\debug\other.obj
f:\projects\body_pvz\pvz-master\debug\torchwood.obj
f:\projects\body_pvz\pvz-master\debug\highprecesionqtimer.obj
f:\projects\body_pvz\pvz-master\debug\helpwidget.obj
f:\projects\body_pvz\pvz-master\debug\pyramidzombie.obj
f:\projects\body_pvz\pvz-master\debug\cleopatrazombie.obj
f:\projects\body_pvz\pvz-master\debug\smallbubble.obj
f:\projects\body_pvz\pvz-master\debug\bowlingnut.obj
f:\projects\body_pvz\pvz-master\debug\gameindex.obj
f:\projects\body_pvz\pvz-master\debug\loading.obj
f:\projects\body_pvz\pvz-master\debug\zombie.obj
f:\projects\body_pvz\pvz-master\debug\survivalmode.obj
f:\projects\body_pvz\pvz-master\debug\icetrackerzombie.obj
f:\projects\body_pvz\pvz-master\debug\footballzombie.obj
f:\projects\body_pvz\pvz-master\debug\pharaohzombie.obj
f:\projects\body_pvz\pvz-master\debug\gloomshroom.obj
f:\projects\body_pvz\pvz-master\debug\shovel.obj
f:\projects\body_pvz\pvz-master\debug\cardselectiondialog.obj
f:\projects\body_pvz\pvz-master\debug\potato.obj
f:\projects\body_pvz\pvz-master\debug\startpage.obj
f:\projects\body_pvz\pvz-master\debug\gesturemousethread.obj
f:\projects\body_pvz\pvz-master\debug\gamingmenu.obj
f:\projects\body_pvz\pvz-master\debug\sunshroom.obj
f:\projects\body_pvz\pvz-master\debug\fumeshroom.obj
f:\projects\body_pvz\pvz-master\debug\pot.obj
f:\projects\body_pvz\pvz-master\debug\caiwen.obj
f:\projects\body_pvz\pvz-master\debug\doublepea.obj
f:\projects\body_pvz\pvz-master\debug\main.obj
f:\projects\body_pvz\pvz-master\debug\handgesture_receiver.obj
f:\projects\body_pvz\pvz-master\debug\qrc_configs.obj
f:\projects\body_pvz\pvz-master\debug\qrc_images.obj
f:\projects\body_pvz\pvz-master\debug\qrc_images2.obj
f:\projects\body_pvz\pvz-master\debug\qrc_sound.obj
f:\projects\body_pvz\pvz-master\debug\vc143.pdb
f:\projects\body_pvz\pvz-master\debug\moc_peashot.obj
f:\projects\body_pvz\pvz-master\debug\moc_potato.obj
f:\projects\body_pvz\pvz-master\debug\moc_shovel.obj
f:\projects\body_pvz\pvz-master\debug\moc_pea.obj
f:\projects\body_pvz\pvz-master\debug\moc_sunshroom.obj
f:\projects\body_pvz\pvz-master\debug\moc_custombutton.obj
f:\projects\body_pvz\pvz-master\debug\moc_puffshroom.obj
f:\projects\body_pvz\pvz-master\debug\moc_helpwidget.obj
f:\projects\body_pvz\pvz-master\debug\moc_doublepea.obj
f:\projects\body_pvz\pvz-master\debug\moc_handgesture_receiver.obj
f:\projects\body_pvz\pvz-master\debug\moc_gloomshroom.obj
f:\projects\body_pvz\pvz-master\debug\moc_sun.obj
f:\projects\body_pvz\pvz-master\debug\moc_caiwen.obj
f:\projects\body_pvz\pvz-master\debug\moc_shop.obj
f:\projects\body_pvz\pvz-master\debug\moc_mainwindow.obj
f:\projects\body_pvz\pvz-master\debug\moc_gesturemousethread.obj
f:\projects\body_pvz\pvz-master\debug\moc_torchwood.obj
f:\projects\body_pvz\pvz-master\debug\moc_fumeshroom.obj
f:\projects\body_pvz\pvz-master\debug\moc_smallgamemode.obj
f:\projects\body_pvz\pvz-master\debug\moc_cherry.obj
f:\projects\body_pvz\pvz-master\debug\moc_puzzlemode.obj
f:\projects\body_pvz\pvz-master\debug\moc_cardselectiondialog.obj
f:\projects\body_pvz\pvz-master\debug\moc_highprecesionqtimer.obj
f:\projects\body_pvz\pvz-master\debug\moc_survivalmode.obj
f:\projects\body_pvz\pvz-master\debug\moc_loading.obj
f:\projects\body_pvz\pvz-master\debug\moc_adventuremode.obj
f:\projects\body_pvz\pvz-master\debug\moc_jalapeno.obj
f:\projects\body_pvz\pvz-master\debug\moc_snowpea.obj
f:\projects\body_pvz\pvz-master\debug\moc_gamingmenu.obj
f:\projects\body_pvz\pvz-master\debug\moc_gamesettings.obj
f:\projects\body_pvz\pvz-master\debug\moc_gatlingpea.obj
f:\projects\body_pvz\pvz-master\debug\moc_startpage.obj
f:\projects\body_pvz\pvz-master\debug\flagzombie.obj
f:\projects\body_pvz\pvz-master\debug\map.obj
f:\projects\body_pvz\pvz-master\debug\bucketzombie.obj
f:\projects\body_pvz\pvz-master\debug\smallgamemode.obj
f:\projects\body_pvz\pvz-master\debug\basiczombie.obj
f:\projects\body_pvz\pvz-master\debug\shop.obj
f:\projects\body_pvz\pvz-master\debug\card.obj
f:\projects\body_pvz\pvz-master\debug\gargantuarzombie.obj
f:\projects\body_pvz\pvz-master\debug\sun.obj
f:\projects\body_pvz\pvz-master\debug\smallzombie.obj
f:\projects\body_pvz\pvz-master\debug\conezombie.obj
f:\projects\body_pvz\pvz-master\debug\adventuremode.obj
f:\projects\body_pvz\pvz-master\debug\moc_predefs.h
f:\projects\body_pvz\pvz-master\debug\pvz.exe
f:\projects\body_pvz\pvz-master\debug\pvz.pdb
f:\projects\body_pvz\pvz-master\debug\moc_survivalmode.cpp
f:\projects\body_pvz\pvz-master\ui_cardselectiondialog.h
f:\projects\body_pvz\pvz-master\ui_helpwidget.h
f:\projects\body_pvz\pvz-master\ui_mainwindow.h
f:\projects\body_pvz\pvz-master\debug\qrc_configs.cpp
f:\projects\body_pvz\pvz-master\debug\qrc_images2.cpp
f:\projects\body_pvz\pvz-master\debug\qrc_images.cpp
f:\projects\body_pvz\pvz-master\debug\qrc_sound.cpp
f:\projects\body_pvz\pvz-master\debug\moc_helpwidget.cpp
f:\projects\body_pvz\pvz-master\debug\moc_mainwindow.cpp
f:\projects\body_pvz\pvz-master\debug\moc_adventuremode.cpp
f:\projects\body_pvz\pvz-master\debug\moc_caiwen.cpp
f:\projects\body_pvz\pvz-master\debug\moc_cardselectiondialog.cpp
f:\projects\body_pvz\pvz-master\debug\moc_cherry.cpp
f:\projects\body_pvz\pvz-master\debug\moc_custombutton.cpp
f:\projects\body_pvz\pvz-master\debug\moc_fumeshroom.cpp
f:\projects\body_pvz\pvz-master\debug\moc_gamesettings.cpp
f:\projects\body_pvz\pvz-master\debug\moc_gamingmenu.cpp
f:\projects\body_pvz\pvz-master\debug\moc_highprecesionqtimer.cpp
f:\projects\body_pvz\pvz-master\debug\moc_loading.cpp
f:\projects\body_pvz\pvz-master\debug\moc_gatlingpea.cpp
f:\projects\body_pvz\pvz-master\debug\moc_gloomshroom.cpp
f:\projects\body_pvz\pvz-master\debug\moc_gesturemousethread.cpp
f:\projects\body_pvz\pvz-master\debug\moc_handgesture_receiver.cpp
f:\projects\body_pvz\pvz-master\debug\moc_jalapeno.cpp
f:\projects\body_pvz\pvz-master\debug\moc_pea.cpp
f:\projects\body_pvz\pvz-master\debug\moc_peashot.cpp
f:\projects\body_pvz\pvz-master\debug\moc_potato.cpp
f:\projects\body_pvz\pvz-master\debug\moc_doublepea.cpp
f:\projects\body_pvz\pvz-master\debug\moc_puffshroom.cpp
f:\projects\body_pvz\pvz-master\debug\moc_puzzlemode.cpp
f:\projects\body_pvz\pvz-master\debug\moc_shop.cpp
f:\projects\body_pvz\pvz-master\debug\moc_shovel.cpp
f:\projects\body_pvz\pvz-master\debug\moc_smallgamemode.cpp
f:\projects\body_pvz\pvz-master\debug\moc_snowpea.cpp
f:\projects\body_pvz\pvz-master\debug\moc_startpage.cpp
f:\projects\body_pvz\pvz-master\debug\moc_sun.cpp
f:\projects\body_pvz\pvz-master\debug\moc_sunshroom.cpp
f:\projects\body_pvz\pvz-master\debug\moc_torchwood.cpp
f:\projects\body_pvz\pvz-master\debug\pvz.ilk
f:\projects\body_pvz\pvz-master\debug\pvz.tlog\cl.command.1.tlog
f:\projects\body_pvz\pvz-master\debug\pvz.tlog\cl.items.tlog
f:\projects\body_pvz\pvz-master\debug\pvz.tlog\cl.read.1.tlog
f:\projects\body_pvz\pvz-master\debug\pvz.tlog\cl.write.1.tlog
f:\projects\body_pvz\pvz-master\debug\pvz.tlog\custombuild.command.1.tlog
f:\projects\body_pvz\pvz-master\debug\pvz.tlog\custombuild.read.1.tlog
f:\projects\body_pvz\pvz-master\debug\pvz.tlog\custombuild.write.1.tlog
f:\projects\body_pvz\pvz-master\debug\pvz.tlog\link.command.1.tlog
f:\projects\body_pvz\pvz-master\debug\pvz.tlog\link.read.1.tlog
f:\projects\body_pvz\pvz-master\debug\pvz.tlog\link.secondary.1.tlog
f:\projects\body_pvz\pvz-master\debug\pvz.tlog\link.write.1.tlog
f:\projects\body_pvz\pvz-master\debug\pvz.tlog\moc.read.1u.tlog
f:\projects\body_pvz\pvz-master\debug\pvz.tlog\moc.write.1u.tlog
f:\projects\body_pvz\pvz-master\debug\pvz.tlog\pvz.write.1u.tlog
f:\projects\body_pvz\pvz-master\debug\pvz.tlog\rcc.read.1u.tlog
f:\projects\body_pvz\pvz-master\debug\pvz.tlog\rcc.write.1u.tlog
f:\projects\body_pvz\pvz-master\debug\pvz.tlog\uic.read.1u.tlog
f:\projects\body_pvz\pvz-master\debug\pvz.tlog\uic.write.1u.tlog
